<?xml version="1.0" encoding="UTF-8"?>
<!-- Generated by org.testng.reporters.JUnitReportReporter -->
<testsuite hostname="LAPTOP-7VN3JM0R" failures="0" tests="1" name="CucumberTestRunner.TestRunner" time="7.743" errors="0" timestamp="2024-04-28T16:32:49 IST" skipped="0">
  <testcase classname="CucumberTestRunner.TestRunner" name="runScenario" time="7.743"/>
</testsuite> <!-- CucumberTestRunner.TestRunner -->
