<?xml version="1.0" encoding="UTF-8"?>
<!-- Generated by org.testng.reporters.JUnitReportReporter -->
<testsuite hostname="LAPTOP-7REP2B3U" failures="0" tests="1" name="CucumberTestRunner.TestRunner" time="4.537" errors="0" timestamp="2024-03-25T19:57:26 IST" skipped="0">
  <testcase classname="CucumberTestRunner.TestRunner" name="runScenario" time="4.537"/>
</testsuite> <!-- CucumberTestRunner.TestRunner -->
